STATUS | wrapper  | 2017/02/17 11:34:29 | --> Wrapper Started as Daemon
STATUS | wrapper  | 2017/02/17 11:34:29 | Java Service Wrapper Community Edition 64-bit 3.5.24
STATUS | wrapper  | 2017/02/17 11:34:29 |   Copyright (C) 1999-2014 Tanuki Software, Ltd. All Rights Reserved.
STATUS | wrapper  | 2017/02/17 11:34:29 |     http://wrapper.tanukisoftware.com
STATUS | wrapper  | 2017/02/17 11:34:29 | 
STATUS | wrapper  | 2017/02/17 11:34:29 | Launching a JVM...
INFO   | jvm 1    | 2017/02/17 11:34:29 | WrapperManager: Initializing...
INFO   | jvm 1    | 2017/02/17 11:34:30 | 2017-02-17 11:34:30 RDRMover ready -- version v1.0
INFO   | jvm 1    | 2017/02/17 11:34:30 | 2017-02-17 11:34:30 RDRMover starting in multi-granule mode
STATUS | wrapper  | 2017/02/17 11:37:40 | TERM trapped.  Shutting down.
STATUS | wrapper  | 2017/02/17 11:37:40 | <-- Wrapper Stopped
STATUS | wrapper  | 2017/02/17 11:39:37 | --> Wrapper Started as Daemon
STATUS | wrapper  | 2017/02/17 11:39:37 | Java Service Wrapper Community Edition 64-bit 3.5.24
STATUS | wrapper  | 2017/02/17 11:39:37 |   Copyright (C) 1999-2014 Tanuki Software, Ltd. All Rights Reserved.
STATUS | wrapper  | 2017/02/17 11:39:37 |     http://wrapper.tanukisoftware.com
STATUS | wrapper  | 2017/02/17 11:39:37 | 
STATUS | wrapper  | 2017/02/17 11:39:37 | Launching a JVM...
INFO   | jvm 1    | 2017/02/17 11:39:37 | WrapperManager: Initializing...
INFO   | jvm 1    | 2017/02/17 11:39:37 | 2017-02-17 11:39:37 RDRMover ready -- version v1.0
INFO   | jvm 1    | 2017/02/17 11:39:37 | 2017-02-17 11:39:37 RDRMover starting in multi-granule mode
STATUS | wrapper  | 2017/02/17 11:40:07 | TERM trapped.  Shutting down.
STATUS | wrapper  | 2017/02/17 11:40:07 | <-- Wrapper Stopped
STATUS | wrapper  | 2017/02/17 11:52:26 | --> Wrapper Started as Daemon
STATUS | wrapper  | 2017/02/17 11:52:26 | Java Service Wrapper Community Edition 64-bit 3.5.24
STATUS | wrapper  | 2017/02/17 11:52:26 |   Copyright (C) 1999-2014 Tanuki Software, Ltd. All Rights Reserved.
STATUS | wrapper  | 2017/02/17 11:52:26 |     http://wrapper.tanukisoftware.com
STATUS | wrapper  | 2017/02/17 11:52:26 | 
STATUS | wrapper  | 2017/02/17 11:52:27 | Launching a JVM...
INFO   | jvm 1    | 2017/02/17 11:52:27 | WrapperManager: Initializing...
INFO   | jvm 1    | 2017/02/17 11:52:27 | 2017-02-17 11:52:27 RDRMover ready -- version v1.0
INFO   | jvm 1    | 2017/02/17 11:52:27 | 2017-02-17 11:52:27 RDRMover starting in multi-granule mode
STATUS | wrapper  | 2017/02/17 11:52:56 | TERM trapped.  Shutting down.
STATUS | wrapper  | 2017/02/17 11:52:57 | <-- Wrapper Stopped
STATUS | wrapper  | 2017/02/17 11:54:32 | --> Wrapper Started as Daemon
STATUS | wrapper  | 2017/02/17 11:54:32 | Java Service Wrapper Community Edition 64-bit 3.5.24
STATUS | wrapper  | 2017/02/17 11:54:32 |   Copyright (C) 1999-2014 Tanuki Software, Ltd. All Rights Reserved.
STATUS | wrapper  | 2017/02/17 11:54:32 |     http://wrapper.tanukisoftware.com
STATUS | wrapper  | 2017/02/17 11:54:32 | 
STATUS | wrapper  | 2017/02/17 11:54:32 | Launching a JVM...
INFO   | jvm 1    | 2017/02/17 11:54:32 | WrapperManager: Initializing...
INFO   | jvm 1    | 2017/02/17 11:54:33 | 2017-02-17 11:54:33 RDRMover ready -- version v1.0
INFO   | jvm 1    | 2017/02/17 11:54:33 | 2017-02-17 11:54:33 RDRMover starting in multi-granule mode
STATUS | wrapper  | 2017/02/17 12:01:33 | TERM trapped.  Shutting down.
STATUS | wrapper  | 2017/02/17 12:01:33 | <-- Wrapper Stopped
STATUS | wrapper  | 2017/02/17 12:02:06 | --> Wrapper Started as Daemon
STATUS | wrapper  | 2017/02/17 12:02:06 | Java Service Wrapper Community Edition 64-bit 3.5.24
STATUS | wrapper  | 2017/02/17 12:02:06 |   Copyright (C) 1999-2014 Tanuki Software, Ltd. All Rights Reserved.
STATUS | wrapper  | 2017/02/17 12:02:06 |     http://wrapper.tanukisoftware.com
STATUS | wrapper  | 2017/02/17 12:02:06 | 
STATUS | wrapper  | 2017/02/17 12:02:07 | Launching a JVM...
INFO   | jvm 1    | 2017/02/17 12:02:07 | WrapperManager: Initializing...
INFO   | jvm 1    | 2017/02/17 12:02:07 | 2017-02-17 12:02:07 RDRMover ready -- version v1.0
INFO   | jvm 1    | 2017/02/17 12:02:07 | 2017-02-17 12:02:07 RDRMover starting in multi-granule mode
STATUS | wrapper  | 2017/02/17 12:04:55 | TERM trapped.  Shutting down.
STATUS | wrapper  | 2017/02/17 12:04:55 | <-- Wrapper Stopped
STATUS | wrapper  | 2017/02/17 12:07:16 | --> Wrapper Started as Daemon
STATUS | wrapper  | 2017/02/17 12:07:16 | Java Service Wrapper Community Edition 64-bit 3.5.24
STATUS | wrapper  | 2017/02/17 12:07:16 |   Copyright (C) 1999-2014 Tanuki Software, Ltd. All Rights Reserved.
STATUS | wrapper  | 2017/02/17 12:07:16 |     http://wrapper.tanukisoftware.com
STATUS | wrapper  | 2017/02/17 12:07:16 | 
STATUS | wrapper  | 2017/02/17 12:07:17 | Launching a JVM...
INFO   | jvm 1    | 2017/02/17 12:07:17 | WrapperManager: Initializing...
INFO   | jvm 1    | 2017/02/17 12:07:17 | 2017-02-17 12:07:17 RDRMover ready -- version v1.0
INFO   | jvm 1    | 2017/02/17 12:07:17 | 2017-02-17 12:07:17 RDRMover starting in multi-granule mode
STATUS | wrapper  | 2017/02/17 12:08:47 | TERM trapped.  Shutting down.
STATUS | wrapper  | 2017/02/17 12:08:48 | <-- Wrapper Stopped
STATUS | wrapper  | 2017/02/17 12:10:11 | --> Wrapper Started as Daemon
STATUS | wrapper  | 2017/02/17 12:10:11 | Java Service Wrapper Community Edition 64-bit 3.5.24
STATUS | wrapper  | 2017/02/17 12:10:11 |   Copyright (C) 1999-2014 Tanuki Software, Ltd. All Rights Reserved.
STATUS | wrapper  | 2017/02/17 12:10:11 |     http://wrapper.tanukisoftware.com
STATUS | wrapper  | 2017/02/17 12:10:11 | 
STATUS | wrapper  | 2017/02/17 12:10:11 | Launching a JVM...
INFO   | jvm 1    | 2017/02/17 12:10:11 | WrapperManager: Initializing...
INFO   | jvm 1    | 2017/02/17 12:10:11 | 2017-02-17 12:10:11 RDRMover ready -- version v1.0
INFO   | jvm 1    | 2017/02/17 12:10:11 | 2017-02-17 12:10:11 RDRMover starting in multi-granule mode
STATUS | wrapper  | 2017/02/17 12:57:46 | TERM trapped.  Shutting down.
STATUS | wrapper  | 2017/02/17 12:57:47 | <-- Wrapper Stopped
STATUS | wrapper  | 2017/02/17 13:36:24 | --> Wrapper Started as Daemon
STATUS | wrapper  | 2017/02/17 13:36:24 | Java Service Wrapper Community Edition 64-bit 3.5.24
STATUS | wrapper  | 2017/02/17 13:36:24 |   Copyright (C) 1999-2014 Tanuki Software, Ltd. All Rights Reserved.
STATUS | wrapper  | 2017/02/17 13:36:24 |     http://wrapper.tanukisoftware.com
STATUS | wrapper  | 2017/02/17 13:36:24 | 
STATUS | wrapper  | 2017/02/17 13:36:25 | Launching a JVM...
INFO   | jvm 1    | 2017/02/17 13:36:26 | WrapperManager: Initializing...
INFO   | jvm 1    | 2017/02/17 13:36:26 | 2017-02-17 13:36:26 RDRMover ready -- version v1.0
INFO   | jvm 1    | 2017/02/17 13:36:26 | 2017-02-17 13:36:26 RDRMover starting in multi-granule mode
STATUS | wrapper  | 2017/02/17 15:37:06 | TERM trapped.  Shutting down.
STATUS | wrapper  | 2017/02/17 15:37:07 | <-- Wrapper Stopped
STATUS | wrapper  | 2017/02/17 15:38:17 | --> Wrapper Started as Daemon
STATUS | wrapper  | 2017/02/17 15:38:17 | Java Service Wrapper Community Edition 64-bit 3.5.24
STATUS | wrapper  | 2017/02/17 15:38:17 |   Copyright (C) 1999-2014 Tanuki Software, Ltd. All Rights Reserved.
STATUS | wrapper  | 2017/02/17 15:38:17 |     http://wrapper.tanukisoftware.com
STATUS | wrapper  | 2017/02/17 15:38:17 | 
STATUS | wrapper  | 2017/02/17 15:38:17 | Launching a JVM...
INFO   | jvm 1    | 2017/02/17 15:38:18 | WrapperManager: Initializing...
INFO   | jvm 1    | 2017/02/17 15:38:20 | 2017-02-17 15:38:20 RDRMover ready -- version v1.0
INFO   | jvm 1    | 2017/02/17 15:38:20 | 2017-02-17 15:38:20 RDRMover starting in multi-granule mode
STATUS | wrapper  | 2017/02/17 15:47:42 | TERM trapped.  Shutting down.
STATUS | wrapper  | 2017/02/17 15:47:42 | <-- Wrapper Stopped
STATUS | wrapper  | 2017/02/17 15:50:28 | --> Wrapper Started as Daemon
STATUS | wrapper  | 2017/02/17 15:50:28 | Java Service Wrapper Community Edition 64-bit 3.5.24
STATUS | wrapper  | 2017/02/17 15:50:28 |   Copyright (C) 1999-2014 Tanuki Software, Ltd. All Rights Reserved.
STATUS | wrapper  | 2017/02/17 15:50:28 |     http://wrapper.tanukisoftware.com
STATUS | wrapper  | 2017/02/17 15:50:28 | 
STATUS | wrapper  | 2017/02/17 15:50:31 | Launching a JVM...
INFO   | jvm 1    | 2017/02/17 15:50:32 | WrapperManager: Initializing...
INFO   | jvm 1    | 2017/02/17 15:50:33 | 2017-02-17 15:50:32 RDRMover ready -- version v1.0
INFO   | jvm 1    | 2017/02/17 15:50:33 | 2017-02-17 15:50:32 RDRMover starting in multi-granule mode
STATUS | wrapper  | 2017/02/17 15:50:52 | TERM trapped.  Shutting down.
STATUS | wrapper  | 2017/02/17 15:50:53 | <-- Wrapper Stopped
STATUS | wrapper  | 2017/02/20 08:53:58 | --> Wrapper Started as Daemon
STATUS | wrapper  | 2017/02/20 08:53:58 | Java Service Wrapper Community Edition 64-bit 3.5.24
STATUS | wrapper  | 2017/02/20 08:53:58 |   Copyright (C) 1999-2014 Tanuki Software, Ltd. All Rights Reserved.
STATUS | wrapper  | 2017/02/20 08:53:58 |     http://wrapper.tanukisoftware.com
STATUS | wrapper  | 2017/02/20 08:53:58 | 
STATUS | wrapper  | 2017/02/20 08:53:58 | Launching a JVM...
INFO   | jvm 1    | 2017/02/20 08:53:59 | WrapperManager: Initializing...
INFO   | jvm 1    | 2017/02/20 08:53:59 | 2017-02-20 08:53:59 RDRMover ready -- version v1.0
INFO   | jvm 1    | 2017/02/20 08:53:59 | 2017-02-20 08:53:59 RDRMover starting in multi-granule mode
STATUS | wrapper  | 2017/02/20 09:50:33 | TERM trapped.  Shutting down.
STATUS | wrapper  | 2017/02/20 09:50:34 | <-- Wrapper Stopped
STATUS | wrapper  | 2017/02/20 09:57:35 | --> Wrapper Started as Daemon
STATUS | wrapper  | 2017/02/20 09:57:35 | Java Service Wrapper Community Edition 64-bit 3.5.24
STATUS | wrapper  | 2017/02/20 09:57:35 |   Copyright (C) 1999-2014 Tanuki Software, Ltd. All Rights Reserved.
STATUS | wrapper  | 2017/02/20 09:57:35 |     http://wrapper.tanukisoftware.com
STATUS | wrapper  | 2017/02/20 09:57:35 | 
STATUS | wrapper  | 2017/02/20 09:57:36 | Launching a JVM...
INFO   | jvm 1    | 2017/02/20 09:57:36 | WrapperManager: Initializing...
INFO   | jvm 1    | 2017/02/20 09:57:38 | 2017-02-20 09:57:38 RDRMover ready -- version v1.0
INFO   | jvm 1    | 2017/02/20 09:57:38 | 2017-02-20 09:57:38 RDRMover starting in multi-granule mode
STATUS | wrapper  | 2017/02/20 12:38:31 | TERM trapped.  Shutting down.
STATUS | wrapper  | 2017/02/20 12:38:31 | <-- Wrapper Stopped
STATUS | wrapper  | 2017/02/20 13:18:19 | --> Wrapper Started as Daemon
STATUS | wrapper  | 2017/02/20 13:18:19 | Java Service Wrapper Community Edition 64-bit 3.5.24
STATUS | wrapper  | 2017/02/20 13:18:19 |   Copyright (C) 1999-2014 Tanuki Software, Ltd. All Rights Reserved.
STATUS | wrapper  | 2017/02/20 13:18:19 |     http://wrapper.tanukisoftware.com
STATUS | wrapper  | 2017/02/20 13:18:19 | 
STATUS | wrapper  | 2017/02/20 13:18:19 | Launching a JVM...
INFO   | jvm 1    | 2017/02/20 13:18:19 | WrapperManager: Initializing...
INFO   | jvm 1    | 2017/02/20 13:18:19 | 2017-02-20 13:18:19 RDRMover ready -- version v1.0
INFO   | jvm 1    | 2017/02/20 13:18:19 | 2017-02-20 13:18:19 RDRMover starting in multi-granule mode
STATUS | wrapper  | 2017/02/20 13:38:44 | TERM trapped.  Shutting down.
STATUS | wrapper  | 2017/02/20 13:38:45 | <-- Wrapper Stopped
STATUS | wrapper  | 2017/02/20 13:38:45 | --> Wrapper Started as Daemon
STATUS | wrapper  | 2017/02/20 13:38:45 | Java Service Wrapper Community Edition 64-bit 3.5.24
STATUS | wrapper  | 2017/02/20 13:38:45 |   Copyright (C) 1999-2014 Tanuki Software, Ltd. All Rights Reserved.
STATUS | wrapper  | 2017/02/20 13:38:45 |     http://wrapper.tanukisoftware.com
STATUS | wrapper  | 2017/02/20 13:38:45 | 
STATUS | wrapper  | 2017/02/20 13:38:45 | Launching a JVM...
INFO   | jvm 1    | 2017/02/20 13:38:45 | WrapperManager: Initializing...
INFO   | jvm 1    | 2017/02/20 13:38:46 | 2017-02-20 13:38:46 RDRMover ready -- version v1.0
INFO   | jvm 1    | 2017/02/20 13:38:46 | 2017-02-20 13:38:46 RDRMover starting in multi-granule mode
STATUS | wrapper  | 2017/02/20 13:43:35 | TERM trapped.  Shutting down.
STATUS | wrapper  | 2017/02/20 13:43:35 | <-- Wrapper Stopped
STATUS | wrapper  | 2017/02/20 13:45:57 | --> Wrapper Started as Daemon
STATUS | wrapper  | 2017/02/20 13:45:57 | Java Service Wrapper Community Edition 64-bit 3.5.24
STATUS | wrapper  | 2017/02/20 13:45:57 |   Copyright (C) 1999-2014 Tanuki Software, Ltd. All Rights Reserved.
STATUS | wrapper  | 2017/02/20 13:45:57 |     http://wrapper.tanukisoftware.com
STATUS | wrapper  | 2017/02/20 13:45:57 | 
STATUS | wrapper  | 2017/02/20 13:45:58 | Launching a JVM...
INFO   | jvm 1    | 2017/02/20 13:45:58 | WrapperManager: Initializing...
INFO   | jvm 1    | 2017/02/20 13:45:58 | 2017-02-20 13:45:58 RDRMover ready -- version v1.0
INFO   | jvm 1    | 2017/02/20 13:45:58 | 2017-02-20 13:45:58 RDRMover starting in multi-granule mode
STATUS | wrapper  | 2017/02/20 13:47:24 | TERM trapped.  Shutting down.
STATUS | wrapper  | 2017/02/20 13:47:24 | <-- Wrapper Stopped
STATUS | wrapper  | 2017/02/20 13:49:16 | --> Wrapper Started as Daemon
STATUS | wrapper  | 2017/02/20 13:49:16 | Java Service Wrapper Community Edition 64-bit 3.5.24
STATUS | wrapper  | 2017/02/20 13:49:16 |   Copyright (C) 1999-2014 Tanuki Software, Ltd. All Rights Reserved.
STATUS | wrapper  | 2017/02/20 13:49:16 |     http://wrapper.tanukisoftware.com
STATUS | wrapper  | 2017/02/20 13:49:16 | 
STATUS | wrapper  | 2017/02/20 13:49:16 | Launching a JVM...
INFO   | jvm 1    | 2017/02/20 13:49:16 | WrapperManager: Initializing...
INFO   | jvm 1    | 2017/02/20 13:49:16 | 2017-02-20 13:49:16 RDRMover ready -- version v1.0
INFO   | jvm 1    | 2017/02/20 13:49:16 | 2017-02-20 13:49:16 RDRMover starting in multi-granule mode
STATUS | wrapper  | 2017/02/20 13:50:47 | TERM trapped.  Shutting down.
STATUS | wrapper  | 2017/02/20 13:50:48 | <-- Wrapper Stopped
STATUS | wrapper  | 2017/02/20 13:51:53 | --> Wrapper Started as Daemon
STATUS | wrapper  | 2017/02/20 13:51:53 | Java Service Wrapper Community Edition 64-bit 3.5.24
STATUS | wrapper  | 2017/02/20 13:51:53 |   Copyright (C) 1999-2014 Tanuki Software, Ltd. All Rights Reserved.
STATUS | wrapper  | 2017/02/20 13:51:53 |     http://wrapper.tanukisoftware.com
STATUS | wrapper  | 2017/02/20 13:51:53 | 
STATUS | wrapper  | 2017/02/20 13:51:53 | Launching a JVM...
INFO   | jvm 1    | 2017/02/20 13:51:54 | WrapperManager: Initializing...
INFO   | jvm 1    | 2017/02/20 13:51:54 | 2017-02-20 13:51:54 RDRMover ready -- version v1.0
INFO   | jvm 1    | 2017/02/20 13:51:54 | 2017-02-20 13:51:54 RDRMover starting in multi-granule mode
STATUS | wrapper  | 2017/02/20 13:57:42 | TERM trapped.  Shutting down.
STATUS | wrapper  | 2017/02/20 13:57:43 | <-- Wrapper Stopped
STATUS | wrapper  | 2017/02/20 14:00:40 | --> Wrapper Started as Daemon
STATUS | wrapper  | 2017/02/20 14:00:40 | Java Service Wrapper Community Edition 64-bit 3.5.24
STATUS | wrapper  | 2017/02/20 14:00:40 |   Copyright (C) 1999-2014 Tanuki Software, Ltd. All Rights Reserved.
STATUS | wrapper  | 2017/02/20 14:00:40 |     http://wrapper.tanukisoftware.com
STATUS | wrapper  | 2017/02/20 14:00:40 | 
STATUS | wrapper  | 2017/02/20 14:00:40 | Launching a JVM...
INFO   | jvm 1    | 2017/02/20 14:00:40 | WrapperManager: Initializing...
INFO   | jvm 1    | 2017/02/20 14:00:41 | 2017-02-20 14:00:40 RDRMover ready -- version v1.0
INFO   | jvm 1    | 2017/02/20 14:00:41 | 2017-02-20 14:00:41 RDRMover starting in multi-granule mode
STATUS | wrapper  | 2017/02/20 14:13:57 | TERM trapped.  Shutting down.
STATUS | wrapper  | 2017/02/20 14:13:57 | <-- Wrapper Stopped
STATUS | wrapper  | 2017/02/20 14:18:52 | --> Wrapper Started as Daemon
STATUS | wrapper  | 2017/02/20 14:18:52 | Java Service Wrapper Community Edition 64-bit 3.5.24
STATUS | wrapper  | 2017/02/20 14:18:52 |   Copyright (C) 1999-2014 Tanuki Software, Ltd. All Rights Reserved.
STATUS | wrapper  | 2017/02/20 14:18:52 |     http://wrapper.tanukisoftware.com
STATUS | wrapper  | 2017/02/20 14:18:52 | 
STATUS | wrapper  | 2017/02/20 14:18:52 | Launching a JVM...
INFO   | jvm 1    | 2017/02/20 14:18:53 | WrapperManager: Initializing...
INFO   | jvm 1    | 2017/02/20 14:18:53 | 2017-02-20 14:18:53 RDRMover ready -- version v1.0
INFO   | jvm 1    | 2017/02/20 14:18:53 | 2017-02-20 14:18:53 RDRMover starting in multi-granule mode
STATUS | wrapper  | 2017/02/21 08:48:13 | TERM trapped.  Shutting down.
STATUS | wrapper  | 2017/02/21 08:48:14 | <-- Wrapper Stopped
STATUS | wrapper  | 2017/02/21 08:48:15 | --> Wrapper Started as Daemon
STATUS | wrapper  | 2017/02/21 08:48:15 | Java Service Wrapper Community Edition 64-bit 3.5.24
STATUS | wrapper  | 2017/02/21 08:48:15 |   Copyright (C) 1999-2014 Tanuki Software, Ltd. All Rights Reserved.
STATUS | wrapper  | 2017/02/21 08:48:15 |     http://wrapper.tanukisoftware.com
STATUS | wrapper  | 2017/02/21 08:48:15 | 
STATUS | wrapper  | 2017/02/21 08:48:15 | Launching a JVM...
INFO   | jvm 1    | 2017/02/21 08:48:15 | WrapperManager: Initializing...
INFO   | jvm 1    | 2017/02/21 08:48:15 | 2017-02-21 08:48:15 RDRMover ready -- version v1.0
INFO   | jvm 1    | 2017/02/21 08:48:15 | 2017-02-21 08:48:15 RDRMover starting in multi-granule mode
STATUS | wrapper  | 2017/02/21 08:50:35 | TERM trapped.  Shutting down.
STATUS | wrapper  | 2017/02/21 08:50:36 | <-- Wrapper Stopped
STATUS | wrapper  | 2017/02/21 08:55:07 | --> Wrapper Started as Daemon
STATUS | wrapper  | 2017/02/21 08:55:07 | Java Service Wrapper Community Edition 64-bit 3.5.24
STATUS | wrapper  | 2017/02/21 08:55:07 |   Copyright (C) 1999-2014 Tanuki Software, Ltd. All Rights Reserved.
STATUS | wrapper  | 2017/02/21 08:55:07 |     http://wrapper.tanukisoftware.com
STATUS | wrapper  | 2017/02/21 08:55:07 | 
STATUS | wrapper  | 2017/02/21 08:55:07 | Launching a JVM...
INFO   | jvm 1    | 2017/02/21 08:55:07 | WrapperManager: Initializing...
INFO   | jvm 1    | 2017/02/21 08:55:08 | 2017-02-21 08:55:08 RDRMover ready -- version v1.0
INFO   | jvm 1    | 2017/02/21 08:55:08 | 2017-02-21 08:55:08 RDRMover starting in multi-granule mode
STATUS | wrapper  | 2017/02/21 09:44:20 | TERM trapped.  Shutting down.
STATUS | wrapper  | 2017/02/21 09:44:20 | <-- Wrapper Stopped
STATUS | wrapper  | 2017/02/21 09:44:21 | --> Wrapper Started as Daemon
STATUS | wrapper  | 2017/02/21 09:44:21 | Java Service Wrapper Community Edition 64-bit 3.5.24
STATUS | wrapper  | 2017/02/21 09:44:21 |   Copyright (C) 1999-2014 Tanuki Software, Ltd. All Rights Reserved.
STATUS | wrapper  | 2017/02/21 09:44:21 |     http://wrapper.tanukisoftware.com
STATUS | wrapper  | 2017/02/21 09:44:21 | 
STATUS | wrapper  | 2017/02/21 09:44:21 | Launching a JVM...
INFO   | jvm 1    | 2017/02/21 09:44:21 | WrapperManager: Initializing...
INFO   | jvm 1    | 2017/02/21 09:44:22 | 2017-02-21 09:44:21 RDRMover ready -- version v1.0
INFO   | jvm 1    | 2017/02/21 09:44:22 | 2017-02-21 09:44:21 RDRMover starting in multi-granule mode
STATUS | wrapper  | 2017/02/21 09:47:27 | TERM trapped.  Shutting down.
STATUS | wrapper  | 2017/02/21 09:47:28 | <-- Wrapper Stopped
STATUS | wrapper  | 2017/02/21 09:54:37 | --> Wrapper Started as Daemon
STATUS | wrapper  | 2017/02/21 09:54:37 | Java Service Wrapper Community Edition 64-bit 3.5.24
STATUS | wrapper  | 2017/02/21 09:54:37 |   Copyright (C) 1999-2014 Tanuki Software, Ltd. All Rights Reserved.
STATUS | wrapper  | 2017/02/21 09:54:37 |     http://wrapper.tanukisoftware.com
STATUS | wrapper  | 2017/02/21 09:54:37 | 
STATUS | wrapper  | 2017/02/21 09:54:37 | Launching a JVM...
INFO   | jvm 1    | 2017/02/21 09:54:37 | WrapperManager: Initializing...
INFO   | jvm 1    | 2017/02/21 09:54:38 | 2017-02-21 09:54:38 RDRMover ready -- version v1.0
INFO   | jvm 1    | 2017/02/21 09:54:38 | 2017-02-21 09:54:38 RDRMover starting in multi-granule mode
STATUS | wrapper  | 2017/02/21 10:13:30 | TERM trapped.  Shutting down.
STATUS | wrapper  | 2017/02/21 10:13:31 | <-- Wrapper Stopped
STATUS | wrapper  | 2017/02/21 10:15:34 | --> Wrapper Started as Daemon
STATUS | wrapper  | 2017/02/21 10:15:34 | Java Service Wrapper Community Edition 64-bit 3.5.24
STATUS | wrapper  | 2017/02/21 10:15:34 |   Copyright (C) 1999-2014 Tanuki Software, Ltd. All Rights Reserved.
STATUS | wrapper  | 2017/02/21 10:15:34 |     http://wrapper.tanukisoftware.com
STATUS | wrapper  | 2017/02/21 10:15:34 | 
STATUS | wrapper  | 2017/02/21 10:15:34 | Launching a JVM...
INFO   | jvm 1    | 2017/02/21 10:15:34 | WrapperManager: Initializing...
INFO   | jvm 1    | 2017/02/21 10:15:35 | 2017-02-21 10:15:35 RDRMover ready -- version v1.0
INFO   | jvm 1    | 2017/02/21 10:15:35 | 2017-02-21 10:15:35 RDRMover starting in multi-granule mode
STATUS | wrapper  | 2017/02/21 10:17:03 | TERM trapped.  Shutting down.
STATUS | wrapper  | 2017/02/21 10:17:04 | <-- Wrapper Stopped
STATUS | wrapper  | 2017/02/21 10:18:46 | --> Wrapper Started as Daemon
STATUS | wrapper  | 2017/02/21 10:18:46 | Java Service Wrapper Community Edition 64-bit 3.5.24
STATUS | wrapper  | 2017/02/21 10:18:46 |   Copyright (C) 1999-2014 Tanuki Software, Ltd. All Rights Reserved.
STATUS | wrapper  | 2017/02/21 10:18:46 |     http://wrapper.tanukisoftware.com
STATUS | wrapper  | 2017/02/21 10:18:46 | 
STATUS | wrapper  | 2017/02/21 10:18:46 | Launching a JVM...
INFO   | jvm 1    | 2017/02/21 10:18:46 | WrapperManager: Initializing...
INFO   | jvm 1    | 2017/02/21 10:18:47 | 2017-02-21 10:18:46 RDRMover ready -- version v1.0
INFO   | jvm 1    | 2017/02/21 10:18:47 | 2017-02-21 10:18:46 RDRMover starting in multi-granule mode
STATUS | wrapper  | 2017/02/21 10:21:06 | TERM trapped.  Shutting down.
STATUS | wrapper  | 2017/02/21 10:21:07 | <-- Wrapper Stopped
STATUS | wrapper  | 2017/02/21 10:26:37 | --> Wrapper Started as Daemon
STATUS | wrapper  | 2017/02/21 10:26:37 | Java Service Wrapper Community Edition 64-bit 3.5.24
STATUS | wrapper  | 2017/02/21 10:26:37 |   Copyright (C) 1999-2014 Tanuki Software, Ltd. All Rights Reserved.
STATUS | wrapper  | 2017/02/21 10:26:37 |     http://wrapper.tanukisoftware.com
STATUS | wrapper  | 2017/02/21 10:26:37 | 
STATUS | wrapper  | 2017/02/21 10:26:37 | Launching a JVM...
INFO   | jvm 1    | 2017/02/21 10:26:38 | WrapperManager: Initializing...
INFO   | jvm 1    | 2017/02/21 10:26:38 | 2017-02-21 10:26:38 RDRMover ready -- version v1.0
INFO   | jvm 1    | 2017/02/21 10:26:38 | 2017-02-21 10:26:38 RDRMover starting in multi-granule mode
STATUS | wrapper  | 2017/02/21 10:40:03 | TERM trapped.  Shutting down.
STATUS | wrapper  | 2017/02/21 10:40:03 | <-- Wrapper Stopped
STATUS | wrapper  | 2017/02/21 10:58:58 | --> Wrapper Started as Daemon
STATUS | wrapper  | 2017/02/21 10:58:58 | Java Service Wrapper Community Edition 64-bit 3.5.24
STATUS | wrapper  | 2017/02/21 10:58:58 |   Copyright (C) 1999-2014 Tanuki Software, Ltd. All Rights Reserved.
STATUS | wrapper  | 2017/02/21 10:58:58 |     http://wrapper.tanukisoftware.com
STATUS | wrapper  | 2017/02/21 10:58:58 | 
STATUS | wrapper  | 2017/02/21 10:58:59 | Launching a JVM...
INFO   | jvm 1    | 2017/02/21 10:58:59 | WrapperManager: Initializing...
INFO   | jvm 1    | 2017/02/21 10:58:59 | 2017-02-21 10:58:59 RDRMover ready -- version v1.0
INFO   | jvm 1    | 2017/02/21 10:58:59 | 2017-02-21 10:58:59 RDRMover starting in multi-granule mode
STATUS | wrapper  | 2017/02/21 12:12:40 | TERM trapped.  Shutting down.
STATUS | wrapper  | 2017/02/21 12:12:41 | <-- Wrapper Stopped
STATUS | wrapper  | 2017/02/21 12:16:14 | --> Wrapper Started as Daemon
STATUS | wrapper  | 2017/02/21 12:16:14 | Java Service Wrapper Community Edition 64-bit 3.5.24
STATUS | wrapper  | 2017/02/21 12:16:14 |   Copyright (C) 1999-2014 Tanuki Software, Ltd. All Rights Reserved.
STATUS | wrapper  | 2017/02/21 12:16:14 |     http://wrapper.tanukisoftware.com
STATUS | wrapper  | 2017/02/21 12:16:14 | 
STATUS | wrapper  | 2017/02/21 12:16:14 | Launching a JVM...
INFO   | jvm 1    | 2017/02/21 12:16:14 | WrapperManager: Initializing...
INFO   | jvm 1    | 2017/02/21 12:16:14 | 2017-02-21 12:16:14 RDRMover ready -- version v1.0
INFO   | jvm 1    | 2017/02/21 12:16:14 | 2017-02-21 12:16:14 RDRMover starting in multi-granule mode
STATUS | wrapper  | 2017/02/21 15:24:59 | TERM trapped.  Shutting down.
STATUS | wrapper  | 2017/02/21 15:25:00 | <-- Wrapper Stopped
STATUS | wrapper  | 2017/02/21 15:44:11 | --> Wrapper Started as Daemon
STATUS | wrapper  | 2017/02/21 15:44:11 | Java Service Wrapper Community Edition 64-bit 3.5.24
STATUS | wrapper  | 2017/02/21 15:44:11 |   Copyright (C) 1999-2014 Tanuki Software, Ltd. All Rights Reserved.
STATUS | wrapper  | 2017/02/21 15:44:11 |     http://wrapper.tanukisoftware.com
STATUS | wrapper  | 2017/02/21 15:44:11 | 
STATUS | wrapper  | 2017/02/21 15:44:11 | Launching a JVM...
INFO   | jvm 1    | 2017/02/21 15:44:11 | WrapperManager: Initializing...
INFO   | jvm 1    | 2017/02/21 15:44:11 | 2017-02-21 15:44:11 RDRMover ready -- version v1.0
INFO   | jvm 1    | 2017/02/21 15:44:11 | 2017-02-21 15:44:11 RDRMover starting in multi-granule mode
STATUS | wrapper  | 2017/02/22 09:44:14 | TERM trapped.  Shutting down.
STATUS | wrapper  | 2017/02/22 09:44:15 | <-- Wrapper Stopped
STATUS | wrapper  | 2017/02/22 09:44:16 | --> Wrapper Started as Daemon
STATUS | wrapper  | 2017/02/22 09:44:16 | Java Service Wrapper Community Edition 64-bit 3.5.24
STATUS | wrapper  | 2017/02/22 09:44:16 |   Copyright (C) 1999-2014 Tanuki Software, Ltd. All Rights Reserved.
STATUS | wrapper  | 2017/02/22 09:44:16 |     http://wrapper.tanukisoftware.com
STATUS | wrapper  | 2017/02/22 09:44:16 | 
STATUS | wrapper  | 2017/02/22 09:44:16 | Launching a JVM...
INFO   | jvm 1    | 2017/02/22 09:44:17 | WrapperManager: Initializing...
INFO   | jvm 1    | 2017/02/22 09:44:17 | 2017-02-22 09:44:17 RDRMover ready -- version v1.0
INFO   | jvm 1    | 2017/02/22 09:44:17 | 2017-02-22 09:44:17 RDRMover starting in multi-granule mode
STATUS | wrapper  | 2017/02/22 09:46:13 | TERM trapped.  Shutting down.
STATUS | wrapper  | 2017/02/22 09:46:16 | <-- Wrapper Stopped
STATUS | wrapper  | 2017/02/22 09:50:35 | --> Wrapper Started as Daemon
STATUS | wrapper  | 2017/02/22 09:50:35 | Java Service Wrapper Community Edition 64-bit 3.5.24
STATUS | wrapper  | 2017/02/22 09:50:35 |   Copyright (C) 1999-2014 Tanuki Software, Ltd. All Rights Reserved.
STATUS | wrapper  | 2017/02/22 09:50:35 |     http://wrapper.tanukisoftware.com
STATUS | wrapper  | 2017/02/22 09:50:35 | 
STATUS | wrapper  | 2017/02/22 09:50:35 | Launching a JVM...
INFO   | jvm 1    | 2017/02/22 09:50:35 | WrapperManager: Initializing...
INFO   | jvm 1    | 2017/02/22 09:50:35 | 2017-02-22 09:50:35 RDRMover ready -- version v1.0
INFO   | jvm 1    | 2017/02/22 09:50:35 | 2017-02-22 09:50:35 RDRMover starting in multi-granule mode
STATUS | wrapper  | 2017/02/22 10:25:50 | TERM trapped.  Shutting down.
STATUS | wrapper  | 2017/02/22 10:25:51 | <-- Wrapper Stopped
STATUS | wrapper  | 2017/02/22 10:30:26 | --> Wrapper Started as Daemon
STATUS | wrapper  | 2017/02/22 10:30:26 | Java Service Wrapper Community Edition 64-bit 3.5.24
STATUS | wrapper  | 2017/02/22 10:30:26 |   Copyright (C) 1999-2014 Tanuki Software, Ltd. All Rights Reserved.
STATUS | wrapper  | 2017/02/22 10:30:26 |     http://wrapper.tanukisoftware.com
STATUS | wrapper  | 2017/02/22 10:30:26 | 
STATUS | wrapper  | 2017/02/22 10:30:26 | Launching a JVM...
INFO   | jvm 1    | 2017/02/22 10:30:26 | WrapperManager: Initializing...
INFO   | jvm 1    | 2017/02/22 10:30:27 | 2017-02-22 10:30:27 RDRMover ready -- version v1.0
INFO   | jvm 1    | 2017/02/22 10:30:27 | 2017-02-22 10:30:27 RDRMover starting in multi-granule mode
STATUS | wrapper  | 2017/02/22 13:39:01 | TERM trapped.  Shutting down.
STATUS | wrapper  | 2017/02/22 13:39:02 | <-- Wrapper Stopped
STATUS | wrapper  | 2017/02/22 13:40:53 | --> Wrapper Started as Daemon
STATUS | wrapper  | 2017/02/22 13:40:53 | Java Service Wrapper Community Edition 64-bit 3.5.24
STATUS | wrapper  | 2017/02/22 13:40:53 |   Copyright (C) 1999-2014 Tanuki Software, Ltd. All Rights Reserved.
STATUS | wrapper  | 2017/02/22 13:40:53 |     http://wrapper.tanukisoftware.com
STATUS | wrapper  | 2017/02/22 13:40:53 | 
STATUS | wrapper  | 2017/02/22 13:40:53 | Launching a JVM...
INFO   | jvm 1    | 2017/02/22 13:40:53 | WrapperManager: Initializing...
INFO   | jvm 1    | 2017/02/22 13:40:54 | 2017-02-22 13:40:53 RDRMover ready -- version v1.0
INFO   | jvm 1    | 2017/02/22 13:40:54 | 2017-02-22 13:40:53 RDRMover starting in multi-granule mode
STATUS | wrapper  | 2017/02/23 09:31:22 | TERM trapped.  Shutting down.
STATUS | wrapper  | 2017/02/23 09:31:22 | <-- Wrapper Stopped
STATUS | wrapper  | 2017/02/23 09:31:49 | --> Wrapper Started as Daemon
STATUS | wrapper  | 2017/02/23 09:31:49 | Java Service Wrapper Community Edition 64-bit 3.5.24
STATUS | wrapper  | 2017/02/23 09:31:49 |   Copyright (C) 1999-2014 Tanuki Software, Ltd. All Rights Reserved.
STATUS | wrapper  | 2017/02/23 09:31:49 |     http://wrapper.tanukisoftware.com
STATUS | wrapper  | 2017/02/23 09:31:49 | 
STATUS | wrapper  | 2017/02/23 09:31:49 | Launching a JVM...
INFO   | jvm 1    | 2017/02/23 09:31:49 | WrapperManager: Initializing...
INFO   | jvm 1    | 2017/02/23 09:31:50 | 2017-02-23 09:31:49 RDRMover ready -- version v1.0
INFO   | jvm 1    | 2017/02/23 09:31:50 | 2017-02-23 09:31:49 RDRMover starting in multi-granule mode
STATUS | wrapper  | 2017/02/23 15:23:44 | TERM trapped.  Shutting down.
STATUS | wrapper  | 2017/02/23 15:23:45 | <-- Wrapper Stopped
STATUS | wrapper  | 2017/02/23 15:24:49 | --> Wrapper Started as Daemon
STATUS | wrapper  | 2017/02/23 15:24:49 | Java Service Wrapper Community Edition 64-bit 3.5.24
STATUS | wrapper  | 2017/02/23 15:24:49 |   Copyright (C) 1999-2014 Tanuki Software, Ltd. All Rights Reserved.
STATUS | wrapper  | 2017/02/23 15:24:49 |     http://wrapper.tanukisoftware.com
STATUS | wrapper  | 2017/02/23 15:24:49 | 
STATUS | wrapper  | 2017/02/23 15:24:49 | Launching a JVM...
INFO   | jvm 1    | 2017/02/23 15:24:49 | WrapperManager: Initializing...
INFO   | jvm 1    | 2017/02/23 15:24:49 | 2017-02-23 15:24:49 RDRMover ready -- version v1.0
INFO   | jvm 1    | 2017/02/23 15:24:49 | 2017-02-23 15:24:49 RDRMover starting in multi-granule mode
STATUS | wrapper  | 2017/02/23 15:25:51 | TERM trapped.  Shutting down.
STATUS | wrapper  | 2017/02/23 15:25:52 | <-- Wrapper Stopped
STATUS | wrapper  | 2017/02/23 15:26:25 | --> Wrapper Started as Daemon
STATUS | wrapper  | 2017/02/23 15:26:25 | Java Service Wrapper Community Edition 64-bit 3.5.24
STATUS | wrapper  | 2017/02/23 15:26:25 |   Copyright (C) 1999-2014 Tanuki Software, Ltd. All Rights Reserved.
STATUS | wrapper  | 2017/02/23 15:26:25 |     http://wrapper.tanukisoftware.com
STATUS | wrapper  | 2017/02/23 15:26:25 | 
STATUS | wrapper  | 2017/02/23 15:26:25 | Launching a JVM...
INFO   | jvm 1    | 2017/02/23 15:26:25 | WrapperManager: Initializing...
INFO   | jvm 1    | 2017/02/23 15:26:26 | 2017-02-23 15:26:26 RDRMover ready -- version v1.0
INFO   | jvm 1    | 2017/02/23 15:26:26 | 2017-02-23 15:26:26 RDRMover starting in multi-granule mode
STATUS | wrapper  | 2017/02/24 16:55:37 | TERM trapped.  Shutting down.
STATUS | wrapper  | 2017/02/24 16:55:38 | <-- Wrapper Stopped
STATUS | wrapper  | 2017/02/24 17:56:40 | --> Wrapper Started as Daemon
STATUS | wrapper  | 2017/02/24 17:56:40 | Java Service Wrapper Community Edition 64-bit 3.5.24
STATUS | wrapper  | 2017/02/24 17:56:40 |   Copyright (C) 1999-2014 Tanuki Software, Ltd. All Rights Reserved.
STATUS | wrapper  | 2017/02/24 17:56:40 |     http://wrapper.tanukisoftware.com
STATUS | wrapper  | 2017/02/24 17:56:40 | 
STATUS | wrapper  | 2017/02/24 17:56:41 | Launching a JVM...
INFO   | jvm 1    | 2017/02/24 17:56:41 | WrapperManager: Initializing...
INFO   | jvm 1    | 2017/02/24 17:56:41 | 2017-02-24 17:56:41 RDRMover ready -- version v1.0
INFO   | jvm 1    | 2017/02/24 17:56:41 | 2017-02-24 17:56:41 RDRMover starting in multi-granule mode
STATUS | wrapper  | 2017/02/28 14:41:34 | TERM trapped.  Shutting down.
STATUS | wrapper  | 2017/02/28 14:41:36 | <-- Wrapper Stopped
STATUS | wrapper  | 2017/02/28 14:42:21 | --> Wrapper Started as Daemon
STATUS | wrapper  | 2017/02/28 14:42:21 | Java Service Wrapper Community Edition 64-bit 3.5.24
STATUS | wrapper  | 2017/02/28 14:42:21 |   Copyright (C) 1999-2014 Tanuki Software, Ltd. All Rights Reserved.
STATUS | wrapper  | 2017/02/28 14:42:21 |     http://wrapper.tanukisoftware.com
STATUS | wrapper  | 2017/02/28 14:42:21 | 
STATUS | wrapper  | 2017/02/28 14:42:21 | Launching a JVM...
INFO   | jvm 1    | 2017/02/28 14:42:21 | WrapperManager: Initializing...
INFO   | jvm 1    | 2017/02/28 14:42:21 | 2017-02-28 14:42:21 RDRMover ready -- version v1.0
INFO   | jvm 1    | 2017/02/28 14:42:21 | 2017-02-28 14:42:21 RDRMover starting in multi-granule mode
STATUS | wrapper  | 2017/03/03 21:35:52 | TERM trapped.  Shutting down.
STATUS | wrapper  | 2017/03/03 21:36:31 | <-- Wrapper Stopped
STATUS | wrapper  | 2017/03/06 17:34:40 | --> Wrapper Started as Daemon
STATUS | wrapper  | 2017/03/06 17:34:40 | Java Service Wrapper Community Edition 64-bit 3.5.24
STATUS | wrapper  | 2017/03/06 17:34:40 |   Copyright (C) 1999-2014 Tanuki Software, Ltd. All Rights Reserved.
STATUS | wrapper  | 2017/03/06 17:34:40 |     http://wrapper.tanukisoftware.com
STATUS | wrapper  | 2017/03/06 17:34:40 | 
STATUS | wrapper  | 2017/03/06 17:34:41 | Launching a JVM...
INFO   | jvm 1    | 2017/03/06 17:34:41 | WrapperManager: Initializing...
INFO   | jvm 1    | 2017/03/06 17:34:41 | 2017-03-06 17:34:41 RDRMover ready -- version v1.0
INFO   | jvm 1    | 2017/03/06 17:34:41 | 2017-03-06 17:34:41 RDRMover starting in multi-granule mode
STATUS | wrapper  | 2017/03/06 21:11:45 | TERM trapped.  Shutting down.
STATUS | wrapper  | 2017/03/06 21:11:45 | <-- Wrapper Stopped
STATUS | wrapper  | 2017/03/08 15:01:57 | --> Wrapper Started as Daemon
STATUS | wrapper  | 2017/03/08 15:01:57 | Java Service Wrapper Community Edition 64-bit 3.5.24
STATUS | wrapper  | 2017/03/08 15:01:57 |   Copyright (C) 1999-2014 Tanuki Software, Ltd. All Rights Reserved.
STATUS | wrapper  | 2017/03/08 15:01:57 |     http://wrapper.tanukisoftware.com
STATUS | wrapper  | 2017/03/08 15:01:57 | 
STATUS | wrapper  | 2017/03/08 15:01:58 | Launching a JVM...
INFO   | jvm 1    | 2017/03/08 15:01:58 | WrapperManager: Initializing...
INFO   | jvm 1    | 2017/03/08 15:01:58 | 2017-03-08 15:01:58 RDRMover ready -- version v1.0
INFO   | jvm 1    | 2017/03/08 15:01:58 | 2017-03-08 15:01:58 RDRMover starting in multi-granule mode
STATUS | wrapper  | 2017/03/08 21:01:05 | TERM trapped.  Shutting down.
STATUS | wrapper  | 2017/03/08 21:01:06 | <-- Wrapper Stopped
STATUS | wrapper  | 2017/03/09 20:23:30 | --> Wrapper Started as Daemon
STATUS | wrapper  | 2017/03/09 20:23:30 | Java Service Wrapper Community Edition 64-bit 3.5.24
STATUS | wrapper  | 2017/03/09 20:23:30 |   Copyright (C) 1999-2014 Tanuki Software, Ltd. All Rights Reserved.
STATUS | wrapper  | 2017/03/09 20:23:30 |     http://wrapper.tanukisoftware.com
STATUS | wrapper  | 2017/03/09 20:23:30 | 
STATUS | wrapper  | 2017/03/09 20:23:30 | Launching a JVM...
INFO   | jvm 1    | 2017/03/09 20:23:30 | WrapperManager: Initializing...
INFO   | jvm 1    | 2017/03/09 20:23:30 | 2017-03-09 20:23:30 RDRMover ready -- version v1.0
INFO   | jvm 1    | 2017/03/09 20:23:30 | 2017-03-09 20:23:30 RDRMover starting in multi-granule mode
STATUS | wrapper  | 2017/03/13 13:57:21 | TERM trapped.  Shutting down.
STATUS | wrapper  | 2017/03/13 13:57:30 | <-- Wrapper Stopped
STATUS | wrapper  | 2017/03/13 15:19:51 | --> Wrapper Started as Daemon
STATUS | wrapper  | 2017/03/13 15:19:51 | Java Service Wrapper Community Edition 64-bit 3.5.24
STATUS | wrapper  | 2017/03/13 15:19:51 |   Copyright (C) 1999-2014 Tanuki Software, Ltd. All Rights Reserved.
STATUS | wrapper  | 2017/03/13 15:19:51 |     http://wrapper.tanukisoftware.com
STATUS | wrapper  | 2017/03/13 15:19:51 | 
STATUS | wrapper  | 2017/03/13 15:19:51 | Launching a JVM...
INFO   | jvm 1    | 2017/03/13 15:19:51 | WrapperManager: Initializing...
INFO   | jvm 1    | 2017/03/13 15:19:51 | 2017-03-13 15:19:51 RDRMover ready -- version v1.0
INFO   | jvm 1    | 2017/03/13 15:19:51 | 2017-03-13 15:19:51 RDRMover starting in multi-granule mode
STATUS | wrapper  | 2017/03/14 16:08:10 | TERM trapped.  Shutting down.
STATUS | wrapper  | 2017/03/14 16:08:12 | <-- Wrapper Stopped
